<?xml version="1.0" encoding="UTF-8"?>
<!-- Generated by org.testng.reporters.JUnitXMLReporter -->
<testsuite ignored="0" hostname="LTIN674644" failures="0" tests="10" name="ChromeTest" time="34.3" errors="0" timestamp="2026-01-06T17:39:32 IST">
  <testcase classname="com.productlistautomation.tests.EndToEndTest" name="browserLaunchedAndWebsiteOpened" time="13.286"/>
  <testcase classname="com.productlistautomation.tests.EndToEndTest" name="verifyTitle" time="0.031"/>
  <testcase classname="com.productlistautomation.tests.EndToEndTest" name="popupHandle" time="3.349"/>
  <testcase classname="com.productlistautomation.tests.EndToEndTest" name="setteesAndBenchesPageOpened" time="0.006"/>
  <testcase classname="com.productlistautomation.tests.EndToEndTest" name="setteesCountDisplayed" time="0.788"/>
  <testcase classname="com.productlistautomation.tests.EndToEndTest" name="benchesCountDisplayed" time="0.241"/>
  <testcase classname="com.productlistautomation.tests.EndToEndTest" name="recamiersCountDisplayed" time="2.78"/>
  <testcase classname="com.productlistautomation.tests.EndToEndTest" name="dropdownClicked" time="2.79"/>
  <testcase classname="com.productlistautomation.tests.EndToEndTest" name="metalOptionClicked" time="0.936"/>
  <testcase classname="com.productlistautomation.tests.EndToEndTest" name="resultDisplayed" time="3.916"/>
</testsuite> <!-- ChromeTest -->
